0 info it worked if it ends with ok
1 verbose cli [ '/usr/local/bin/node', '/usr/local/bin/npm', 'start' ]
2 info using npm@3.10.10
3 info using node@v6.10.0
4 verbose run-script [ 'prestart', 'start', 'poststart' ]
5 info lifecycle helloapp@1.0.0~prestart: helloapp@1.0.0
6 silly lifecycle helloapp@1.0.0~prestart: no script for prestart, continuing
7 info lifecycle helloapp@1.0.0~start: helloapp@1.0.0
8 verbose lifecycle helloapp@1.0.0~start: unsafe-perm in lifecycle true
9 verbose lifecycle helloapp@1.0.0~start: PATH: /usr/local/lib/node_modules/npm/bin/node-gyp-bin:/Users/denis/Desktop/jax-rs_test/web/node_modules/.bin:/opt/local/bin:/opt/local/sbin:/Applications/oracle/product/instantclient_64/11.2.0.4.0/bin:/bin:/usr/bin:/usr/local/bin:/usr/local/mysql/bin/:/usr/sbin
10 verbose lifecycle helloapp@1.0.0~start: CWD: /Users/denis/Desktop/jax-rs_test/web
11 silly lifecycle helloapp@1.0.0~start: Args: [ '-c', 'tsc && concurrently "tsc -w" "lite-server" ' ]
12 silly lifecycle helloapp@1.0.0~start: Returned: code: 126  signal: null
13 info lifecycle helloapp@1.0.0~start: Failed to exec start script
14 verbose stack Error: helloapp@1.0.0 start: `tsc && concurrently "tsc -w" "lite-server" `
14 verbose stack Exit status 126
14 verbose stack     at EventEmitter.<anonymous> (/usr/local/lib/node_modules/npm/lib/utils/lifecycle.js:255:16)
14 verbose stack     at emitTwo (events.js:106:13)
14 verbose stack     at EventEmitter.emit (events.js:191:7)
14 verbose stack     at ChildProcess.<anonymous> (/usr/local/lib/node_modules/npm/lib/utils/spawn.js:40:14)
14 verbose stack     at emitTwo (events.js:106:13)
14 verbose stack     at ChildProcess.emit (events.js:191:7)
14 verbose stack     at maybeClose (internal/child_process.js:877:16)
14 verbose stack     at Process.ChildProcess._handle.onexit (internal/child_process.js:226:5)
15 verbose pkgid helloapp@1.0.0
16 verbose cwd /Users/denis/Desktop/jax-rs_test/web
17 error Darwin 16.5.0
18 error argv "/usr/local/bin/node" "/usr/local/bin/npm" "start"
19 error node v6.10.0
20 error npm  v3.10.10
21 error code ELIFECYCLE
22 error helloapp@1.0.0 start: `tsc && concurrently "tsc -w" "lite-server" `
22 error Exit status 126
23 error Failed at the helloapp@1.0.0 start script 'tsc && concurrently "tsc -w" "lite-server" '.
23 error Make sure you have the latest version of node.js and npm installed.
23 error If you do, this is most likely a problem with the helloapp package,
23 error not with npm itself.
23 error Tell the author that this fails on your system:
23 error     tsc && concurrently "tsc -w" "lite-server"
23 error You can get information on how to open an issue for this project with:
23 error     npm bugs helloapp
23 error Or if that isn't available, you can get their info via:
23 error     npm owner ls helloapp
23 error There is likely additional logging output above.
24 verbose exit [ 1, true ]
